<?xml version="1.0" encoding="UTF-8"?>
<!-- Generated by org.testng.reporters.JUnitReportReporter -->
<testsuite hostname="DESKTOP-PH0RBMS" failures="0" tests="1" name="testCases.TC001_AccountRegistrationTest" time="32.421" errors="0" timestamp="2025-07-21T22:19:07 IST" skipped="0">
  <testcase classname="testCases.TC001_AccountRegistrationTest" name="verify_account_registration" time="32.421"/>
</testsuite> <!-- testCases.TC001_AccountRegistrationTest -->
