<?xml version="1.0" encoding="UTF-8"?>
<!-- Generated by org.testng.reporters.JUnitReportReporter -->
<testsuite hostname="DESKTOP-PH0RBMS" failures="0" tests="1" name="testCases.TC002_LoginTest" time="3.380" errors="0" timestamp="2025-07-21T22:19:07 IST" skipped="0">
  <testcase classname="testCases.TC002_LoginTest" name="verify_login" time="3.380"/>
</testsuite> <!-- testCases.TC002_LoginTest -->
