<?xml version="1.0" encoding="UTF-8"?>
<!-- Generated by org.testng.reporters.JUnitReportReporter -->
<testsuite hostname="DESKTOP-PH0RBMS" failures="0" tests="6" name="testCases.TC003_LoginDDT" time="49.228" errors="0" timestamp="2025-07-21T11:16:33 IST" skipped="0">
  <testcase classname="testCases.TC003_LoginDDT" name="verify_loginDDT" time="5.447"/>
  <testcase classname="testCases.TC003_LoginDDT" name="verify_loginDDT" time="4.935"/>
  <testcase classname="testCases.TC003_LoginDDT" name="verify_loginDDT" time="5.075"/>
  <testcase classname="testCases.TC003_LoginDDT" name="verify_loginDDT" time="5.591"/>
  <testcase classname="testCases.TC003_LoginDDT" name="verify_loginDDT" time="13.702"/>
  <testcase classname="testCases.TC003_LoginDDT" name="verify_loginDDT" time="14.478"/>
</testsuite> <!-- testCases.TC003_LoginDDT -->
